Determining if the pthread_create exist failed with the following output:
Change Dir: /home/dan/dan_ws/build/cob_object_detection_msgs/CMakeFiles/CMakeTmp

Run Build Command:/usr/bin/make "cmTryCompileExec2881733652/fast"
/usr/bin/make -f CMakeFiles/cmTryCompileExec2881733652.dir/build.make CMakeFiles/cmTryCompileExec2881733652.dir/build
make[1]: Entering directory `/home/dan/dan_ws/build/cob_object_detection_msgs/CMakeFiles/CMakeTmp'
/usr/bin/cmake -E cmake_progress_report /home/dan/dan_ws/build/cob_object_detection_msgs/CMakeFiles/CMakeTmp/CMakeFiles 1
Building C object CMakeFiles/cmTryCompileExec2881733652.dir/CheckSymbolExists.c.o
/usr/bin/cc    -o CMakeFiles/cmTryCompileExec2881733652.dir/CheckSymbolExists.c.o   -c /home/dan/dan_ws/build/cob_object_detection_msgs/CMakeFiles/CMakeTmp/CheckSymbolExists.c
Linking C executable cmTryCompileExec2881733652
/usr/bin/cmake -E cmake_link_script CMakeFiles/cmTryCompileExec2881733652.dir/link.txt --verbose=1
/usr/bin/cc       CMakeFiles/cmTryCompileExec2881733652.dir/CheckSymbolExists.c.o  -o cmTryCompileExec2881733652 -rdynamic 
CMakeFiles/cmTryCompileExec2881733652.dir/CheckSymbolExists.c.o: In function `main':
CheckSymbolExists.c:(.text+0x16): undefined reference to `pthread_create'
collect2: error: ld returned 1 exit status
make[1]: Leaving directory `/home/dan/dan_ws/build/cob_object_detection_msgs/CMakeFiles/CMakeTmp'
make[1]: *** [cmTryCompileExec2881733652] Error 1
make: *** [cmTryCompileExec2881733652/fast] Error 2

File /home/dan/dan_ws/build/cob_object_detection_msgs/CMakeFiles/CMakeTmp/CheckSymbolExists.c:
/* */
#include <pthread.h>

int main(int argc, char** argv)
{
  (void)argv;
#ifndef pthread_create
  return ((int*)(&pthread_create))[argc];
#else
  (void)argc;
  return 0;
#endif
}

Determining if the function pthread_create exists in the pthreads failed with the following output:
Change Dir: /home/dan/dan_ws/build/cob_object_detection_msgs/CMakeFiles/CMakeTmp

Run Build Command:/usr/bin/make "cmTryCompileExec3560436148/fast"
/usr/bin/make -f CMakeFiles/cmTryCompileExec3560436148.dir/build.make CMakeFiles/cmTryCompileExec3560436148.dir/build
make[1]: Entering directory `/home/dan/dan_ws/build/cob_object_detection_msgs/CMakeFiles/CMakeTmp'
/usr/bin/cmake -E cmake_progress_report /home/dan/dan_ws/build/cob_object_detection_msgs/CMakeFiles/CMakeTmp/CMakeFiles 1
Building C object CMakeFiles/cmTryCompileExec3560436148.dir/CheckFunctionExists.c.o
/usr/bin/cc   -DCHECK_FUNCTION_EXISTS=pthread_create   -o CMakeFiles/cmTryCompileExec3560436148.dir/CheckFunctionExists.c.o   -c /usr/share/cmake-2.8/Modules/CheckFunctionExists.c
Linking C executable cmTryCompileExec3560436148
/usr/bin/cmake -E cmake_link_script CMakeFiles/cmTryCompileExec3560436148.dir/link.txt --verbose=1
/usr/bin/cc   -DCHECK_FUNCTION_EXISTS=pthread_create    CMakeFiles/cmTryCompileExec3560436148.dir/CheckFunctionExists.c.o  -o cmTryCompileExec3560436148 -rdynamic -lpthreads 
/usr/bin/ld: cannot find -lpthreads
collect2: error: ld returned 1 exit status
make[1]: Leaving directory `/home/dan/dan_ws/build/cob_object_detection_msgs/CMakeFiles/CMakeTmp'
make[1]: *** [cmTryCompileExec3560436148] Error 1
make: *** [cmTryCompileExec3560436148/fast] Error 2


