Determining if the pthread_create exist failed with the following output:
Change Dir: /home/dan/dan_ws/build/object_detection_sub2/CMakeFiles/CMakeTmp

Run Build Command:/usr/bin/make "cmTryCompileExec2077795780/fast"
/usr/bin/make -f CMakeFiles/cmTryCompileExec2077795780.dir/build.make CMakeFiles/cmTryCompileExec2077795780.dir/build
make[1]: Entering directory `/home/dan/dan_ws/build/object_detection_sub2/CMakeFiles/CMakeTmp'
/usr/bin/cmake -E cmake_progress_report /home/dan/dan_ws/build/object_detection_sub2/CMakeFiles/CMakeTmp/CMakeFiles 1
Building C object CMakeFiles/cmTryCompileExec2077795780.dir/CheckSymbolExists.c.o
/usr/bin/cc    -o CMakeFiles/cmTryCompileExec2077795780.dir/CheckSymbolExists.c.o   -c /home/dan/dan_ws/build/object_detection_sub2/CMakeFiles/CMakeTmp/CheckSymbolExists.c
Linking C executable cmTryCompileExec2077795780
/usr/bin/cmake -E cmake_link_script CMakeFiles/cmTryCompileExec2077795780.dir/link.txt --verbose=1
/usr/bin/cc       CMakeFiles/cmTryCompileExec2077795780.dir/CheckSymbolExists.c.o  -o cmTryCompileExec2077795780 -rdynamic 
CMakeFiles/cmTryCompileExec2077795780.dir/CheckSymbolExists.c.o: In function `main':
CheckSymbolExists.c:(.text+0x16): undefined reference to `pthread_create'
collect2: error: ld returned 1 exit status
make[1]: Leaving directory `/home/dan/dan_ws/build/object_detection_sub2/CMakeFiles/CMakeTmp'
make[1]: *** [cmTryCompileExec2077795780] Error 1
make: *** [cmTryCompileExec2077795780/fast] Error 2

File /home/dan/dan_ws/build/object_detection_sub2/CMakeFiles/CMakeTmp/CheckSymbolExists.c:
/* */
#include <pthread.h>

int main(int argc, char** argv)
{
  (void)argv;
#ifndef pthread_create
  return ((int*)(&pthread_create))[argc];
#else
  (void)argc;
  return 0;
#endif
}

Determining if the function pthread_create exists in the pthreads failed with the following output:
Change Dir: /home/dan/dan_ws/build/object_detection_sub2/CMakeFiles/CMakeTmp

Run Build Command:/usr/bin/make "cmTryCompileExec2925535756/fast"
/usr/bin/make -f CMakeFiles/cmTryCompileExec2925535756.dir/build.make CMakeFiles/cmTryCompileExec2925535756.dir/build
make[1]: Entering directory `/home/dan/dan_ws/build/object_detection_sub2/CMakeFiles/CMakeTmp'
/usr/bin/cmake -E cmake_progress_report /home/dan/dan_ws/build/object_detection_sub2/CMakeFiles/CMakeTmp/CMakeFiles 1
Building C object CMakeFiles/cmTryCompileExec2925535756.dir/CheckFunctionExists.c.o
/usr/bin/cc   -DCHECK_FUNCTION_EXISTS=pthread_create   -o CMakeFiles/cmTryCompileExec2925535756.dir/CheckFunctionExists.c.o   -c /usr/share/cmake-2.8/Modules/CheckFunctionExists.c
Linking C executable cmTryCompileExec2925535756
/usr/bin/cmake -E cmake_link_script CMakeFiles/cmTryCompileExec2925535756.dir/link.txt --verbose=1
/usr/bin/cc   -DCHECK_FUNCTION_EXISTS=pthread_create    CMakeFiles/cmTryCompileExec2925535756.dir/CheckFunctionExists.c.o  -o cmTryCompileExec2925535756 -rdynamic -lpthreads 
/usr/bin/ld: cannot find -lpthreads
collect2: error: ld returned 1 exit status
make[1]: *** [cmTryCompileExec2925535756] Error 1
make[1]: Leaving directory `/home/dan/dan_ws/build/object_detection_sub2/CMakeFiles/CMakeTmp'
make: *** [cmTryCompileExec2925535756/fast] Error 2


