Determining if the pthread_create exist failed with the following output:
Change Dir: /home/dan/dan_ws/build/region_growing_rgb/CMakeFiles/CMakeTmp

Run Build Command:/usr/bin/make "cmTryCompileExec224802690/fast"
/usr/bin/make -f CMakeFiles/cmTryCompileExec224802690.dir/build.make CMakeFiles/cmTryCompileExec224802690.dir/build
make[1]: Entering directory `/home/dan/dan_ws/build/region_growing_rgb/CMakeFiles/CMakeTmp'
/usr/bin/cmake -E cmake_progress_report /home/dan/dan_ws/build/region_growing_rgb/CMakeFiles/CMakeTmp/CMakeFiles 1
Building C object CMakeFiles/cmTryCompileExec224802690.dir/CheckSymbolExists.c.o
/usr/bin/cc    -o CMakeFiles/cmTryCompileExec224802690.dir/CheckSymbolExists.c.o   -c /home/dan/dan_ws/build/region_growing_rgb/CMakeFiles/CMakeTmp/CheckSymbolExists.c
Linking C executable cmTryCompileExec224802690
/usr/bin/cmake -E cmake_link_script CMakeFiles/cmTryCompileExec224802690.dir/link.txt --verbose=1
/usr/bin/cc       CMakeFiles/cmTryCompileExec224802690.dir/CheckSymbolExists.c.o  -o cmTryCompileExec224802690 -rdynamic 
CMakeFiles/cmTryCompileExec224802690.dir/CheckSymbolExists.c.o: In function `main':
CheckSymbolExists.c:(.text+0x16): undefined reference to `pthread_create'
collect2: error: ld returned 1 exit status
make[1]: *** [cmTryCompileExec224802690] Error 1
make[1]: Leaving directory `/home/dan/dan_ws/build/region_growing_rgb/CMakeFiles/CMakeTmp'
make: *** [cmTryCompileExec224802690/fast] Error 2

File /home/dan/dan_ws/build/region_growing_rgb/CMakeFiles/CMakeTmp/CheckSymbolExists.c:
/* */
#include <pthread.h>

int main(int argc, char** argv)
{
  (void)argv;
#ifndef pthread_create
  return ((int*)(&pthread_create))[argc];
#else
  (void)argc;
  return 0;
#endif
}

Determining if the function pthread_create exists in the pthreads failed with the following output:
Change Dir: /home/dan/dan_ws/build/region_growing_rgb/CMakeFiles/CMakeTmp

Run Build Command:/usr/bin/make "cmTryCompileExec709474519/fast"
/usr/bin/make -f CMakeFiles/cmTryCompileExec709474519.dir/build.make CMakeFiles/cmTryCompileExec709474519.dir/build
make[1]: Entering directory `/home/dan/dan_ws/build/region_growing_rgb/CMakeFiles/CMakeTmp'
/usr/bin/cmake -E cmake_progress_report /home/dan/dan_ws/build/region_growing_rgb/CMakeFiles/CMakeTmp/CMakeFiles 1
Building C object CMakeFiles/cmTryCompileExec709474519.dir/CheckFunctionExists.c.o
/usr/bin/cc   -DCHECK_FUNCTION_EXISTS=pthread_create   -o CMakeFiles/cmTryCompileExec709474519.dir/CheckFunctionExists.c.o   -c /usr/share/cmake-2.8/Modules/CheckFunctionExists.c
Linking C executable cmTryCompileExec709474519
/usr/bin/cmake -E cmake_link_script CMakeFiles/cmTryCompileExec709474519.dir/link.txt --verbose=1
/usr/bin/cc   -DCHECK_FUNCTION_EXISTS=pthread_create    CMakeFiles/cmTryCompileExec709474519.dir/CheckFunctionExists.c.o  -o cmTryCompileExec709474519 -rdynamic -lpthreads 
/usr/bin/ld: cannot find -lpthreads
collect2: error: ld returned 1 exit status
make[1]: Leaving directory `/home/dan/dan_ws/build/region_growing_rgb/CMakeFiles/CMakeTmp'
make[1]: *** [cmTryCompileExec709474519] Error 1
make: *** [cmTryCompileExec709474519/fast] Error 2


