Determining if the pthread_create exist failed with the following output:
Change Dir: /home/dan/dan_ws/build/object_coordinates_centers/CMakeFiles/CMakeTmp

Run Build Command:/usr/bin/make "cmTryCompileExec2655013892/fast"
/usr/bin/make -f CMakeFiles/cmTryCompileExec2655013892.dir/build.make CMakeFiles/cmTryCompileExec2655013892.dir/build
make[1]: Entering directory `/home/dan/dan_ws/build/object_coordinates_centers/CMakeFiles/CMakeTmp'
/usr/bin/cmake -E cmake_progress_report /home/dan/dan_ws/build/object_coordinates_centers/CMakeFiles/CMakeTmp/CMakeFiles 1
Building C object CMakeFiles/cmTryCompileExec2655013892.dir/CheckSymbolExists.c.o
/usr/bin/cc    -o CMakeFiles/cmTryCompileExec2655013892.dir/CheckSymbolExists.c.o   -c /home/dan/dan_ws/build/object_coordinates_centers/CMakeFiles/CMakeTmp/CheckSymbolExists.c
Linking C executable cmTryCompileExec2655013892
/usr/bin/cmake -E cmake_link_script CMakeFiles/cmTryCompileExec2655013892.dir/link.txt --verbose=1
/usr/bin/cc       CMakeFiles/cmTryCompileExec2655013892.dir/CheckSymbolExists.c.o  -o cmTryCompileExec2655013892 -rdynamic 
make[1]: Leaving directory `/home/dan/dan_ws/build/object_coordinates_centers/CMakeFiles/CMakeTmp'
CMakeFiles/cmTryCompileExec2655013892.dir/CheckSymbolExists.c.o: In function `main':
CheckSymbolExists.c:(.text+0x16): undefined reference to `pthread_create'
collect2: error: ld returned 1 exit status
make[1]: *** [cmTryCompileExec2655013892] Error 1
make: *** [cmTryCompileExec2655013892/fast] Error 2

File /home/dan/dan_ws/build/object_coordinates_centers/CMakeFiles/CMakeTmp/CheckSymbolExists.c:
/* */
#include <pthread.h>

int main(int argc, char** argv)
{
  (void)argv;
#ifndef pthread_create
  return ((int*)(&pthread_create))[argc];
#else
  (void)argc;
  return 0;
#endif
}

Determining if the function pthread_create exists in the pthreads failed with the following output:
Change Dir: /home/dan/dan_ws/build/object_coordinates_centers/CMakeFiles/CMakeTmp

Run Build Command:/usr/bin/make "cmTryCompileExec94649009/fast"
/usr/bin/make -f CMakeFiles/cmTryCompileExec94649009.dir/build.make CMakeFiles/cmTryCompileExec94649009.dir/build
make[1]: Entering directory `/home/dan/dan_ws/build/object_coordinates_centers/CMakeFiles/CMakeTmp'
/usr/bin/cmake -E cmake_progress_report /home/dan/dan_ws/build/object_coordinates_centers/CMakeFiles/CMakeTmp/CMakeFiles 1
Building C object CMakeFiles/cmTryCompileExec94649009.dir/CheckFunctionExists.c.o
/usr/bin/cc   -DCHECK_FUNCTION_EXISTS=pthread_create   -o CMakeFiles/cmTryCompileExec94649009.dir/CheckFunctionExists.c.o   -c /usr/share/cmake-2.8/Modules/CheckFunctionExists.c
Linking C executable cmTryCompileExec94649009
/usr/bin/cmake -E cmake_link_script CMakeFiles/cmTryCompileExec94649009.dir/link.txt --verbose=1
/usr/bin/cc   -DCHECK_FUNCTION_EXISTS=pthread_create    CMakeFiles/cmTryCompileExec94649009.dir/CheckFunctionExists.c.o  -o cmTryCompileExec94649009 -rdynamic -lpthreads 
/usr/bin/ld: cannot find -lpthreads
collect2: error: ld returned 1 exit status
make[1]: Leaving directory `/home/dan/dan_ws/build/object_coordinates_centers/CMakeFiles/CMakeTmp'
make[1]: *** [cmTryCompileExec94649009] Error 1
make: *** [cmTryCompileExec94649009/fast] Error 2


